<?xml version="1.0" encoding="utf-8"?><testsuites name="pytest tests"><testsuite name="pytest" errors="0" failures="0" skipped="0" tests="23" time="5.497" timestamp="2026-04-30T11:48:05.562593+00:00" hostname="agent-env-a7267200-4386-4128-8417-e122e173c48b"><testcase classname="backend.tests.test_pharmatrack.TestAuth" name="test_health" time="0.179" /><testcase classname="backend.tests.test_pharmatrack.TestAuth" name="test_pharmacy_login" time="0.411" /><testcase classname="backend.tests.test_pharmatrack.TestAuth" name="test_pharmacy_login_wrong_password" time="0.327" /><testcase classname="backend.tests.test_pharmatrack.TestAuth" name="test_driver_login" time="0.407" /><testcase classname="backend.tests.test_pharmatrack.TestAuth" name="test_driver_login_wrong_password" time="0.334" /><testcase classname="backend.tests.test_pharmatrack.TestCRUDRegression" name="test_get_customers" time="0.059" /><testcase classname="backend.tests.test_pharmatrack.TestCRUDRegression" name="test_get_drivers" time="0.047" /><testcase classname="backend.tests.test_pharmatrack.TestCRUDRegression" name="test_get_deliveries" time="0.049" /><testcase classname="backend.tests.test_pharmatrack.TestCRUDRegression" name="test_create_update_delete_delivery" time="0.401" /><testcase classname="backend.tests.test_pharmatrack.TestDoubleConfirmFlow" name="test_driver_delivered_becomes_pending_confirmation" time="0.349" /><testcase classname="backend.tests.test_pharmatrack.TestDoubleConfirmFlow" name="test_dispute_payment_keeps_pending" time="0.229" /><testcase classname="backend.tests.test_pharmatrack.TestDriverShifts" name="test_start_shift_returns_open" time="0.059" /><testcase classname="backend.tests.test_pharmatrack.TestDriverShifts" name="test_current_shift" time="0.106" /><testcase classname="backend.tests.test_pharmatrack.TestDriverShifts" name="test_full_shift_lifecycle" time="1.020" /><testcase classname="backend.tests.test_winfarm_import.TestWinfarmImport" name="test_existing_customer_by_phone" time="0.493" /><testcase classname="backend.tests.test_winfarm_import.TestWinfarmImport" name="test_existing_customer_by_phone_suffix" time="0.059" /><testcase classname="backend.tests.test_winfarm_import.TestWinfarmImport" name="test_existing_customer_by_name_case_insensitive" time="0.067" /><testcase classname="backend.tests.test_winfarm_import.TestWinfarmImport" name="test_new_customer_when_only_unique_name" time="0.059" /><testcase classname="backend.tests.test_winfarm_import.TestWinfarmImport" name="test_400_when_no_customer_identifier" time="0.057" /><testcase classname="backend.tests.test_winfarm_import.TestWinfarmImport" name="test_404_when_phone_no_match_and_no_name" time="0.062" /><testcase classname="backend.tests.test_winfarm_import.TestWinfarmImport" name="test_delivery_has_winfarm_metadata" time="0.058" /><testcase classname="backend.tests.test_winfarm_import.TestWinfarmImport" name="test_notification_created" time="0.361" /><testcase classname="backend.tests.test_winfarm_import.TestWinfarmImport" name="test_unauthenticated_is_rejected" time="0.153" /></testsuite></testsuites>