<?xml version="1.0" encoding="utf-8"?><testsuites name="pytest tests"><testsuite name="pytest" errors="0" failures="0" skipped="0" tests="14" time="4.358" timestamp="2026-04-28T21:52:14.045673+00:00" hostname="agent-env-a7267200-4386-4128-8417-e122e173c48b"><testcase classname="backend.tests.test_pharmatrack.TestAuth" name="test_health" time="0.241" /><testcase classname="backend.tests.test_pharmatrack.TestAuth" name="test_pharmacy_login" time="0.434" /><testcase classname="backend.tests.test_pharmatrack.TestAuth" name="test_pharmacy_login_wrong_password" time="0.385" /><testcase classname="backend.tests.test_pharmatrack.TestAuth" name="test_driver_login" time="0.398" /><testcase classname="backend.tests.test_pharmatrack.TestAuth" name="test_driver_login_wrong_password" time="0.352" /><testcase classname="backend.tests.test_pharmatrack.TestCRUDRegression" name="test_get_customers" time="0.048" /><testcase classname="backend.tests.test_pharmatrack.TestCRUDRegression" name="test_get_drivers" time="0.059" /><testcase classname="backend.tests.test_pharmatrack.TestCRUDRegression" name="test_get_deliveries" time="0.048" /><testcase classname="backend.tests.test_pharmatrack.TestCRUDRegression" name="test_create_update_delete_delivery" time="0.439" /><testcase classname="backend.tests.test_pharmatrack.TestDoubleConfirmFlow" name="test_driver_delivered_becomes_pending_confirmation" time="0.351" /><testcase classname="backend.tests.test_pharmatrack.TestDoubleConfirmFlow" name="test_dispute_payment_keeps_pending" time="0.205" /><testcase classname="backend.tests.test_pharmatrack.TestDriverShifts" name="test_start_shift_returns_open" time="0.055" /><testcase classname="backend.tests.test_pharmatrack.TestDriverShifts" name="test_current_shift" time="0.105" /><testcase classname="backend.tests.test_pharmatrack.TestDriverShifts" name="test_full_shift_lifecycle" time="1.039" /></testsuite></testsuites>