<?xml version="1.0" encoding="utf-8"?><testsuites name="pytest tests"><testsuite name="pytest" errors="0" failures="0" skipped="0" tests="9" time="1.392" timestamp="2026-04-30T11:47:50.795571+00:00" hostname="agent-env-a7267200-4386-4128-8417-e122e173c48b"><testcase classname="backend.tests.test_winfarm_import.TestWinfarmImport" name="test_existing_customer_by_phone" time="0.479" /><testcase classname="backend.tests.test_winfarm_import.TestWinfarmImport" name="test_existing_customer_by_phone_suffix" time="0.047" /><testcase classname="backend.tests.test_winfarm_import.TestWinfarmImport" name="test_existing_customer_by_name_case_insensitive" time="0.049" /><testcase classname="backend.tests.test_winfarm_import.TestWinfarmImport" name="test_new_customer_when_only_unique_name" time="0.051" /><testcase classname="backend.tests.test_winfarm_import.TestWinfarmImport" name="test_400_when_no_customer_identifier" time="0.051" /><testcase classname="backend.tests.test_winfarm_import.TestWinfarmImport" name="test_404_when_phone_no_match_and_no_name" time="0.049" /><testcase classname="backend.tests.test_winfarm_import.TestWinfarmImport" name="test_delivery_has_winfarm_metadata" time="0.052" /><testcase classname="backend.tests.test_winfarm_import.TestWinfarmImport" name="test_notification_created" time="0.350" /><testcase classname="backend.tests.test_winfarm_import.TestWinfarmImport" name="test_unauthenticated_is_rejected" time="0.116" /></testsuite></testsuites>